[23-May-2011 13:56:53] PHP Fatal error:  Cannot use object of type Usuario as array in /var/www/conectividad/app/views/layouts/conectividad.ctp on line 203
[23-May-2011 13:59:14] PHP Fatal error:  Cannot access private property Usuario::$_nombreCompleto in /var/www/conectividad/app/views/layouts/conectividad.ctp on line 203
[23-May-2011 13:59:31] PHP Fatal error:  Call to undefined method Usuario::getGrupo() in /var/www/conectividad/app/views/layouts/conectividad.ctp on line 203
[23-May-2011 13:59:52] PHP Fatal error:  Cannot access private property Usuario::$_nombreCompleto in /var/www/conectividad/app/views/layouts/conectividad.ctp on line 203
[23-May-2011 14:01:34] PHP Fatal error:  Call to undefined function getNombre() in /var/www/conectividad/app/views/layouts/conectividad.ctp on line 203
[23-May-2011 14:07:50] PHP Fatal error:  Call to a member function getGrupos() on a non-object in /var/www/conectividad/app/views/layouts/conectividad.ctp on line 94
[23-May-2011 16:45:57] PHP Fatal error:  Cannot break/continue 1 level in /var/www/conectividad/app/controllers/users_controller.php on line 127
[23-May-2011 17:38:47] PHP Fatal error:  Call to a member function find() on a non-object in /var/www/conectividad/app/controllers/datos_establecimiento_controller.php on line 17
[23-May-2011 18:37:42] PHP Fatal error:  Call to a member function find() on a non-object in /var/www/conectividad/app/controllers/datos_establecimiento_controller.php on line 20
[24-May-2011 15:06:45] PHP Parse error:  syntax error, unexpected T_STRING, expecting T_VARIABLE in /var/www/conectividad/app/controllers/datos_establecimiento_controller.php on line 5
[24-May-2011 17:33:40] PHP Fatal error:  Allowed memory size of 134217728 bytes exhausted (tried to allocate 43 bytes) in /var/www/conectividad/cake/libs/model/datasources/dbo/dbo_postgres.php on line 829
[24-May-2011 18:17:12] PHP Fatal error:  Cannot use object of type SessionComponent as array in /var/www/conectividad/app/controllers/escuelas_controller.php on line 18
[26-May-2011 16:11:20] PHP Fatal error:  Cannot break/continue 1 level in /var/www/conectividad/app/controllers/datos_establecimientos_controller.php on line 27
[26-May-2011 16:15:00] PHP Fatal error:  Cannot break/continue 1 level in /var/www/conectividad/app/controllers/datos_establecimientos_controller.php on line 27
[26-May-2011 16:20:31] PHP Fatal error:  Cannot break/continue 1 level in /var/www/conectividad/app/controllers/datos_establecimientos_controller.php on line 27
[26-May-2011 16:20:52] PHP Fatal error:  Cannot break/continue 1 level in /var/www/conectividad/app/controllers/datos_establecimientos_controller.php on line 27
[26-May-2011 16:21:25] PHP Fatal error:  Cannot break/continue 1 level in /var/www/conectividad/app/controllers/datos_establecimientos_controller.php on line 27
[26-May-2011 16:22:02] PHP Fatal error:  Cannot break/continue 1 level in /var/www/conectividad/app/controllers/datos_establecimientos_controller.php on line 27
[26-May-2011 16:23:37] PHP Fatal error:  Cannot break/continue 1 level in /var/www/conectividad/app/controllers/datos_establecimientos_controller.php on line 27
[26-May-2011 16:24:51] PHP Fatal error:  Cannot break/continue 1 level in /var/www/conectividad/app/controllers/datos_establecimientos_controller.php on line 27
[26-May-2011 16:27:50] PHP Fatal error:  Cannot break/continue 1 level in /var/www/conectividad/app/controllers/datos_establecimientos_controller.php on line 27
[26-May-2011 16:28:35] PHP Fatal error:  Cannot break/continue 1 level in /var/www/conectividad/app/controllers/datos_establecimientos_controller.php on line 27
[26-May-2011 16:28:59] PHP Fatal error:  Cannot break/continue 1 level in /var/www/conectividad/app/controllers/datos_establecimientos_controller.php on line 27
[26-May-2011 16:31:47] PHP Fatal error:  Cannot break/continue 1 level in /var/www/conectividad/app/controllers/datos_establecimientos_controller.php on line 28
[26-May-2011 16:31:48] PHP Fatal error:  Cannot break/continue 1 level in /var/www/conectividad/app/controllers/datos_establecimientos_controller.php on line 28
[26-May-2011 16:44:50] PHP Fatal error:  Cannot break/continue 1 level in /var/www/conectividad/app/controllers/datos_establecimientos_controller.php on line 28
[26-May-2011 16:54:19] PHP Fatal error:  Cannot break/continue 1 level in /var/www/conectividad/app/controllers/datos_establecimientos_controller.php on line 28
[26-May-2011 16:54:59] PHP Fatal error:  Cannot break/continue 1 level in /var/www/conectividad/app/controllers/datos_establecimientos_controller.php on line 28
[26-May-2011 16:58:35] PHP Fatal error:  Cannot break/continue 1 level in /var/www/conectividad/app/controllers/datos_establecimientos_controller.php on line 28
[26-May-2011 17:11:56] PHP Fatal error:  Cannot break/continue 1 level in /var/www/conectividad/app/controllers/datos_establecimientos_controller.php on line 28
[26-May-2011 17:12:12] PHP Fatal error:  Cannot break/continue 1 level in /var/www/conectividad/app/controllers/datos_establecimientos_controller.php on line 28
[26-May-2011 17:21:05] PHP Fatal error:  Cannot break/continue 1 level in /var/www/conectividad/app/controllers/datos_establecimientos_controller.php on line 28
[26-May-2011 17:22:36] PHP Fatal error:  Cannot break/continue 1 level in /var/www/conectividad/app/controllers/datos_establecimientos_controller.php on line 28
[26-May-2011 17:23:25] PHP Fatal error:  Cannot break/continue 1 level in /var/www/conectividad/app/controllers/datos_establecimientos_controller.php on line 28
[26-May-2011 17:26:24] PHP Fatal error:  Cannot break/continue 1 level in /var/www/conectividad/app/controllers/datos_establecimientos_controller.php on line 28
[26-May-2011 17:27:56] PHP Fatal error:  Cannot break/continue 1 level in /var/www/conectividad/app/controllers/datos_establecimientos_controller.php on line 28
[26-May-2011 17:30:07] PHP Fatal error:  Cannot break/continue 1 level in /var/www/conectividad/app/controllers/datos_establecimientos_controller.php on line 28
[26-May-2011 17:59:34] PHP Fatal error:  Cannot break/continue 1 level in /var/www/conectividad/app/controllers/datos_establecimientos_controller.php on line 28
[26-May-2011 18:05:13] PHP Fatal error:  Cannot break/continue 1 level in /var/www/conectividad/app/controllers/datos_establecimientos_controller.php on line 28
[27-May-2011 15:03:20] PHP Fatal error:  Cannot break/continue 1 level in /var/www/conectividad/app/controllers/datos_establecimientos_controller.php on line 28
[27-May-2011 16:22:10] PHP Fatal error:  Call to a member function save() on a non-object in /var/www/conectividad/app/controllers/certificaciones_controller.php on line 20
[27-May-2011 16:23:04] PHP Fatal error:  Call to a member function save() on a non-object in /var/www/conectividad/app/controllers/certificaciones_controller.php on line 21
[27-May-2011 16:59:28] PHP Fatal error:  Cannot break/continue 1 level in /var/www/conectividad/app/controllers/datos_establecimientos_controller.php on line 28
[27-May-2011 16:59:40] PHP Fatal error:  Cannot break/continue 1 level in /var/www/conectividad/app/controllers/datos_establecimientos_controller.php on line 28
[27-May-2011 17:00:17] PHP Fatal error:  Cannot break/continue 1 level in /var/www/conectividad/app/controllers/datos_establecimientos_controller.php on line 28
[27-May-2011 17:02:05] PHP Fatal error:  Cannot break/continue 1 level in /var/www/conectividad/app/controllers/datos_establecimientos_controller.php on line 28
[27-May-2011 17:51:15] PHP Fatal error:  Cannot use string offset as an array in /var/www/conectividad/app/views/certificaciones/listar.ctp on line 8
[27-May-2011 17:54:32] PHP Fatal error:  Cannot use string offset as an array in /var/www/conectividad/app/views/certificaciones/listar.ctp on line 8
[27-May-2011 17:54:52] PHP Fatal error:  Cannot break/continue 1 level in /var/www/conectividad/app/views/certificaciones/listar.ctp on line 7
[27-May-2011 17:55:28] PHP Fatal error:  Cannot break/continue 1 level in /var/www/conectividad/app/views/certificaciones/listar.ctp on line 7
[31-May-2011 13:54:46] PHP Fatal error:  Cannot break/continue 1 level in /var/www/conectividad/app/controllers/certificaciones_controller.php on line 23
[31-May-2011 16:54:54] PHP Fatal error:  Cannot break/continue 1 level in /var/www/conectividad/app/controllers/certificaciones_controller.php on line 53
[31-May-2011 16:59:34] PHP Fatal error:  Cannot break/continue 1 level in /var/www/conectividad/app/controllers/certificaciones_controller.php on line 53
[31-May-2011 17:00:23] PHP Fatal error:  Cannot break/continue 1 level in /var/www/conectividad/app/controllers/certificaciones_controller.php on line 53
[31-May-2011 17:06:07] PHP Fatal error:  Cannot break/continue 1 level in /var/www/conectividad/app/controllers/certificaciones_controller.php on line 53
[31-May-2011 17:06:54] PHP Fatal error:  Cannot break/continue 1 level in /var/www/conectividad/app/controllers/certificaciones_controller.php on line 53
[31-May-2011 17:07:01] PHP Fatal error:  Cannot break/continue 1 level in /var/www/conectividad/app/views/certificaciones/ver.ctp on line 2
[31-May-2011 17:55:06] PHP Fatal error:  Cannot break/continue 1 level in /var/www/conectividad/app/controllers/datos_establecimientos_controller.php on line 28
[01-Jun-2011 14:46:21] PHP Fatal error:  Call to undefined function set() in /var/www/conectividad/app/controllers/certificaciones_controller.php on line 49
[01-Jun-2011 16:42:00] PHP Fatal error:  Allowed memory size of 134217728 bytes exhausted (tried to allocate 31239421 bytes) in /var/www/conectividad/cake/libs/view/helpers/form.php on line 910
[01-Jun-2011 16:42:38] PHP Fatal error:  Allowed memory size of 134217728 bytes exhausted (tried to allocate 31239421 bytes) in /var/www/conectividad/cake/libs/view/helpers/form.php on line 910
[01-Jun-2011 16:45:16] PHP Fatal error:  Allowed memory size of 134217728 bytes exhausted (tried to allocate 31239421 bytes) in /var/www/conectividad/cake/libs/view/helpers/form.php on line 910
[01-Jun-2011 16:46:12] PHP Fatal error:  Allowed memory size of 134217728 bytes exhausted (tried to allocate 31239421 bytes) in /var/www/conectividad/cake/libs/view/helpers/form.php on line 910
[01-Jun-2011 16:46:58] PHP Fatal error:  Allowed memory size of 134217728 bytes exhausted (tried to allocate 31307777 bytes) in /var/www/conectividad/cake/basics.php on line 119
[01-Jun-2011 16:48:50] PHP Fatal error:  Cannot break/continue 1 level in /var/www/conectividad/app/controllers/escuelas_controller.php on line 20
[01-Jun-2011 16:49:45] PHP Fatal error:  Cannot break/continue 1 level in /var/www/conectividad/app/controllers/escuelas_controller.php on line 29
[02-Jun-2011 12:41:49] PHP Fatal error:  Call to a member function find() on a non-object in /var/www/conectividad/app/controllers/users_controller.php on line 73
[02-Jun-2011 12:42:29] PHP Fatal error:  Allowed memory size of 134217728 bytes exhausted (tried to allocate 31239421 bytes) in /var/www/conectividad/cake/libs/view/helpers/form.php on line 910
[02-Jun-2011 12:43:52] PHP Fatal error:  Allowed memory size of 134217728 bytes exhausted (tried to allocate 31307777 bytes) in /var/www/conectividad/cake/basics.php on line 119
[02-Jun-2011 14:01:48] PHP Fatal error:  Cannot break/continue 1 level in /var/www/conectividad/app/controllers/escuelas_controller.php on line 28
[02-Jun-2011 15:52:37] PHP Fatal error:  Cannot break/continue 1 level in /var/www/conectividad/app/controllers/escuelas_controller.php on line 28
[02-Jun-2011 16:04:29] PHP Fatal error:  Cannot break/continue 1 level in /var/www/conectividad/app/controllers/escuelas_controller.php on line 28
[02-Jun-2011 16:08:31] PHP Fatal error:  Cannot break/continue 1 level in /var/www/conectividad/app/controllers/escuelas_controller.php on line 28
[02-Jun-2011 16:42:39] PHP Fatal error:  Cannot break/continue 1 level in /var/www/conectividad/app/controllers/escuelas_controller.php on line 28
[02-Jun-2011 17:05:01] PHP Fatal error:  Cannot break/continue 1 level in /var/www/conectividad/app/controllers/escuelas_controller.php on line 28
[02-Jun-2011 17:05:44] PHP Fatal error:  Cannot break/continue 1 level in /var/www/conectividad/app/controllers/escuelas_controller.php on line 28
[03-Jun-2011 13:31:54] PHP Fatal error:  Cannot break/continue 1 level in /var/www/conectividad/app/controllers/escuelas_controller.php on line 46
[03-Jun-2011 14:19:48] PHP Fatal error:  Cannot break/continue 1 level in /var/www/conectividad/app/controllers/escuelas_controller.php on line 46
[08-Jun-2011 16:10:22] PHP Fatal error:  Cannot break/continue 1 level in /var/www/conectividad/app/controllers/datos_establecimientos_controller.php on line 28
[09-Jun-2011 16:09:35] PHP Fatal error:  Cannot break/continue 1 level in /var/www/conectividad/app/controllers/escuelas_controller.php on line 117
[09-Jun-2011 16:22:54] PHP Fatal error:  Cannot break/continue 1 level in /var/www/conectividad/app/controllers/escuelas_controller.php on line 117
[09-Jun-2011 17:56:06] PHP Fatal error:  Call to a member function find() on a non-object in /var/www/conectividad/app/controllers/escuelas_controller.php on line 118
[09-Jun-2011 17:56:27] PHP Fatal error:  Call to undefined function set() in /var/www/conectividad/app/controllers/escuelas_controller.php on line 121
[10-Jun-2011 12:49:46] PHP Fatal error:  Cannot break/continue 1 level in /var/www/conectividad/app/controllers/certificaciones_controller.php on line 40
[10-Jun-2011 16:42:06] PHP Fatal error:  Cannot break/continue 1 level in /var/www/conectividad/app/views/escuelas/ver.ctp on line 299
[10-Jun-2011 16:47:07] PHP Parse error:  syntax error, unexpected T_LNUMBER in /var/www/conectividad/app/views/escuelas/ver.ctp on line 305
[14-Jun-2011 12:37:25] PHP Fatal error:  Call to a member function find() on a non-object in /var/www/conectividad/app/controllers/servicios_controller.php on line 20
[14-Jun-2011 13:04:59] PHP Fatal error:  Cannot break/continue 1 level in /var/www/conectividad/app/controllers/datos_establecimientos_controller.php on line 28
[14-Jun-2011 13:05:38] PHP Fatal error:  Cannot break/continue 1 level in /var/www/conectividad/app/controllers/servicios_controller.php on line 26
[14-Jun-2011 17:43:00] PHP Fatal error:  Cannot break/continue 1 level in /var/www/conectividad/app/controllers/escuelas_controller.php on line 141
[15-Jun-2011 16:44:40] PHP Fatal error:  Cannot break/continue 1 level in /var/www/conectividad/app/controllers/escuelas_controller.php on line 110
[15-Jun-2011 16:44:40] PHP Fatal error:  Cannot break/continue 1 level in /var/www/conectividad/app/controllers/escuelas_controller.php on line 110
[15-Jun-2011 16:44:47] PHP Fatal error:  Cannot break/continue 1 level in /var/www/conectividad/app/controllers/escuelas_controller.php on line 110
[15-Jun-2011 16:47:31] PHP Fatal error:  Cannot break/continue 1 level in /var/www/conectividad/app/controllers/escuelas_controller.php on line 114
[15-Jun-2011 16:51:35] PHP Fatal error:  Cannot break/continue 1 level in /var/www/conectividad/app/controllers/escuelas_controller.php on line 114
[15-Jun-2011 16:51:41] PHP Fatal error:  Cannot break/continue 1 level in /var/www/conectividad/app/controllers/escuelas_controller.php on line 114
[15-Jun-2011 17:06:22] PHP Fatal error:  Cannot break/continue 1 level in /var/www/conectividad/app/controllers/escuelas_controller.php on line 109
[16-Jun-2011 17:32:08] PHP Fatal error:  Call to undefined method ReportesController::layout() in /var/www/conectividad/app/controllers/reportes_controller.php on line 28
[17-Jun-2011 22:14:56] PHP Fatal error:  Uncaught exception 'DBException' with message 'Error de Base de Datos' in /var/www/usuarios/classes/postgresDAO/postgres.dao.class.php:39
Stack trace:
#0 /var/www/usuarios/classes/postgresDAO/postgres.dao.class.php(48): UsuPostgresDAO::_connect()
#1 /var/www/usuarios/classes/usudao.class.php(22): UsuPostgresDAO::getUsuariosDAO()
#2 /var/www/conectividad/vendors/classes/login.class.php(21): UsuDAO::getUsuariosDAO()
#3 /var/www/conectividad/app/controllers/users_controller.php(11): Login::getUsuario('referentep', 'aebfa9b3007db50...')
#4 [internal function]: UsersController->login()
#5 /var/www/conectividad/cake/dispatcher.php(204): call_user_func_array(Array, Array)
#6 /var/www/conectividad/cake/dispatcher.php(171): Dispatcher->_invoke(Object(UsersController), Array)
#7 /var/www/conectividad/app/webroot/index.php(83): Dispatcher->dispatch()
#8 {main}
  thrown in /var/www/usuarios/classes/postgresDAO/postgres.dao.class.php on line 39
[21-Jun-2011 16:16:46] PHP Fatal error:  Cannot break/continue 1 level in /var/www/conectividad/app/controllers/reportes_controller.php on line 28
[22-Jun-2011 14:30:16] PHP Fatal error:  Cannot break/continue 1 level in /var/www/conectividad/app/controllers/reportes_controller.php on line 30
[22-Jun-2011 14:32:51] PHP Fatal error:  Cannot break/continue 1 level in /var/www/conectividad/app/controllers/reportes_controller.php on line 30
[22-Jun-2011 14:35:49] PHP Fatal error:  Cannot break/continue 1 level in /var/www/conectividad/app/controllers/reportes_controller.php on line 30
[22-Jun-2011 14:36:11] PHP Fatal error:  Cannot break/continue 1 level in /var/www/conectividad/app/controllers/reportes_controller.php on line 30
[22-Jun-2011 14:42:37] PHP Fatal error:  Cannot break/continue 1 level in /var/www/conectividad/app/controllers/reportes_controller.php on line 30
[22-Jun-2011 14:43:28] PHP Fatal error:  Cannot break/continue 1 level in /var/www/conectividad/app/controllers/reportes_controller.php on line 30
[22-Jun-2011 14:43:54] PHP Fatal error:  Cannot break/continue 1 level in /var/www/conectividad/app/controllers/reportes_controller.php on line 30
[22-Jun-2011 15:47:46] PHP Fatal error:  Cannot break/continue 1 level in /var/www/conectividad/app/controllers/reportes_controller.php on line 43
[22-Jun-2011 15:48:32] PHP Fatal error:  Cannot break/continue 1 level in /var/www/conectividad/app/controllers/reportes_controller.php on line 43
[22-Jun-2011 15:48:56] PHP Fatal error:  Cannot break/continue 1 level in /var/www/conectividad/app/controllers/reportes_controller.php on line 43
[22-Jun-2011 15:49:20] PHP Fatal error:  Cannot break/continue 1 level in /var/www/conectividad/app/controllers/reportes_controller.php on line 43
[22-Jun-2011 15:52:01] PHP Fatal error:  Cannot break/continue 1 level in /var/www/conectividad/app/controllers/reportes_controller.php on line 43
[22-Jun-2011 15:52:07] PHP Fatal error:  Cannot break/continue 1 level in /var/www/conectividad/app/controllers/reportes_controller.php on line 43
[22-Jun-2011 16:27:36] PHP Fatal error:  Cannot break/continue 1 level in /var/www/conectividad/app/controllers/reportes_controller.php on line 43
[28-Jun-2011 17:30:47] PHP Fatal error:  Call to undefined function set() in /var/www/conectividad/app/controllers/reportes_controller.php on line 65
[28-Jun-2011 17:37:35] PHP Fatal error:  Call to undefined function set() in /var/www/conectividad/app/controllers/reportes_controller.php on line 65
[28-Jun-2011 17:38:26] PHP Fatal error:  Call to undefined function set() in /var/www/conectividad/app/controllers/reportes_controller.php on line 64
[28-Jun-2011 17:38:42] PHP Fatal error:  Call to undefined function set() in /var/www/conectividad/app/controllers/reportes_controller.php on line 64
[28-Jun-2011 17:39:18] PHP Fatal error:  Call to undefined function set() in /var/www/conectividad/app/controllers/reportes_controller.php on line 64
[28-Jun-2011 17:41:26] PHP Fatal error:  Call to undefined function set() in /var/www/conectividad/app/controllers/reportes_controller.php on line 64
[28-Jun-2011 17:42:07] PHP Fatal error:  Call to undefined function set() in /var/www/conectividad/app/controllers/reportes_controller.php on line 64
[28-Jun-2011 17:44:51] PHP Fatal error:  Call to undefined function set() in /var/www/conectividad/app/controllers/reportes_controller.php on line 64
[28-Jun-2011 17:45:28] PHP Fatal error:  Call to undefined function set() in /var/www/conectividad/app/controllers/reportes_controller.php on line 64
[28-Jun-2011 17:46:48] PHP Fatal error:  Call to undefined function set() in /var/www/conectividad/app/controllers/reportes_controller.php on line 64
[30-Jun-2011 15:12:20] PHP Parse error:  syntax error, unexpected '-', expecting ')' in /var/www/conectividad/app/models/reporte.php on line 11
[04-Jul-2011 15:33:09] PHP Fatal error:  Cannot break/continue 1 level in /var/www/conectividad/app/views/reportes/general_periodo.ctp on line 11
[04-Jul-2011 15:33:51] PHP Fatal error:  Cannot break/continue 1 level in /var/www/conectividad/app/views/reportes/general_periodo.ctp on line 11
[04-Jul-2011 15:34:16] PHP Fatal error:  Cannot break/continue 1 level in /var/www/conectividad/app/views/reportes/general_periodo.ctp on line 13
[04-Jul-2011 15:34:33] PHP Fatal error:  Cannot break/continue 1 level in /var/www/conectividad/app/views/reportes/general_periodo.ctp on line 13
[04-Jul-2011 15:38:31] PHP Fatal error:  Cannot break/continue 1 level in /var/www/conectividad/app/views/reportes/general_periodo.ctp on line 13
[04-Jul-2011 15:45:05] PHP Fatal error:  Cannot break/continue 1 level in /var/www/conectividad/app/views/reportes/general_periodo.ctp on line 14
[04-Jul-2011 15:50:59] PHP Fatal error:  Cannot break/continue 1 level in /var/www/conectividad/app/views/reportes/general_periodo.ctp on line 14
[04-Jul-2011 16:00:43] PHP Fatal error:  Cannot break/continue 1 level in /var/www/conectividad/app/views/reportes/general_periodo.ctp on line 13
[04-Jul-2011 17:09:05] PHP Fatal error:  Cannot break/continue 1 level in /var/www/conectividad/app/views/reportes/general_periodo.ctp on line 21
[04-Jul-2011 17:12:19] PHP Fatal error:  Cannot break/continue 1 level in /var/www/conectividad/app/views/reportes/general_periodo.ctp on line 22
[05-Jul-2011 14:20:11] PHP Fatal error:  Cannot break/continue 1 level in /var/www/conectividad/app/views/reportes/general_periodo.ctp on line 27
[05-Jul-2011 14:20:32] PHP Fatal error:  Cannot break/continue 1 level in /var/www/conectividad/app/views/reportes/general_periodo.ctp on line 27
[05-Jul-2011 14:22:36] PHP Fatal error:  Cannot break/continue 1 level in /var/www/conectividad/app/views/reportes/general_periodo.ctp on line 29
[05-Jul-2011 14:23:29] PHP Fatal error:  Cannot break/continue 1 level in /var/www/conectividad/app/views/reportes/general_periodo.ctp on line 29
[05-Jul-2011 14:24:06] PHP Fatal error:  Cannot break/continue 1 level in /var/www/conectividad/app/views/reportes/general_periodo.ctp on line 29
[05-Jul-2011 14:24:39] PHP Fatal error:  Cannot break/continue 1 level in /var/www/conectividad/app/views/reportes/general_periodo.ctp on line 32
[05-Jul-2011 14:32:59] PHP Fatal error:  Cannot break/continue 1 level in /var/www/conectividad/app/views/reportes/general_periodo.ctp on line 32
[05-Jul-2011 14:33:43] PHP Fatal error:  Cannot break/continue 1 level in /var/www/conectividad/app/views/reportes/general_periodo.ctp on line 33
[05-Jul-2011 14:35:23] PHP Fatal error:  Cannot break/continue 1 level in /var/www/conectividad/app/views/reportes/general_periodo.ctp on line 33
[05-Jul-2011 14:38:30] PHP Fatal error:  Cannot break/continue 1 level in /var/www/conectividad/app/views/reportes/general_periodo.ctp on line 33
[05-Jul-2011 14:39:47] PHP Fatal error:  Cannot break/continue 1 level in /var/www/conectividad/app/views/reportes/general_periodo.ctp on line 32
[05-Jul-2011 14:41:19] PHP Fatal error:  Cannot break/continue 1 level in /var/www/conectividad/app/views/reportes/general_periodo.ctp on line 35
[05-Jul-2011 14:43:43] PHP Fatal error:  Cannot break/continue 1 level in /var/www/conectividad/app/views/reportes/general_periodo.ctp on line 37
[05-Jul-2011 14:45:03] PHP Fatal error:  Cannot break/continue 1 level in /var/www/conectividad/app/views/reportes/general_periodo.ctp on line 39
[05-Jul-2011 14:55:40] PHP Fatal error:  Cannot break/continue 1 level in /var/www/conectividad/app/views/reportes/general_periodo.ctp on line 39
[05-Jul-2011 14:56:20] PHP Fatal error:  Cannot break/continue 1 level in /var/www/conectividad/app/views/reportes/general_periodo.ctp on line 39
[05-Jul-2011 15:04:36] PHP Fatal error:  Cannot break/continue 1 level in /var/www/conectividad/app/views/reportes/general_periodo.ctp on line 39
[05-Jul-2011 15:06:34] PHP Fatal error:  Cannot break/continue 1 level in /var/www/conectividad/app/views/reportes/general_periodo.ctp on line 39
[05-Jul-2011 15:08:22] PHP Fatal error:  Cannot break/continue 1 level in /var/www/conectividad/app/views/reportes/general_periodo.ctp on line 53
[05-Jul-2011 15:11:58] PHP Fatal error:  Cannot break/continue 1 level in /var/www/conectividad/app/views/reportes/general_periodo.ctp on line 55
[05-Jul-2011 15:23:15] PHP Fatal error:  Cannot break/continue 1 level in /var/www/conectividad/app/views/reportes/general_periodo.ctp on line 55
[05-Jul-2011 16:18:40] PHP Fatal error:  Cannot break/continue 1 level in /var/www/conectividad/app/views/reportes/general_periodo.ctp on line 57
[05-Jul-2011 16:21:05] PHP Fatal error:  Cannot break/continue 1 level in /var/www/conectividad/app/views/reportes/general_periodo.ctp on line 57
[05-Jul-2011 16:21:51] PHP Fatal error:  Cannot break/continue 1 level in /var/www/conectividad/app/views/reportes/general_periodo.ctp on line 59
[05-Jul-2011 16:22:35] PHP Fatal error:  Cannot break/continue 1 level in /var/www/conectividad/app/views/reportes/general_periodo.ctp on line 59
[05-Jul-2011 16:22:48] PHP Fatal error:  Cannot break/continue 1 level in /var/www/conectividad/app/views/reportes/general_periodo.ctp on line 55
[05-Jul-2011 16:23:03] PHP Fatal error:  Cannot break/continue 1 level in /var/www/conectividad/app/views/reportes/general_periodo.ctp on line 55
[27-Jul-2011 15:49:56] PHP Fatal error:  Cannot break/continue 1 level in /var/www/conectividad/app/controllers/certificaciones_controller.php on line 106
[27-Jul-2011 15:50:43] PHP Fatal error:  Cannot break/continue 1 level in /var/www/conectividad/app/views/certificaciones/editar.ctp on line 100
[27-Jul-2011 16:06:41] PHP Fatal error:  Cannot break/continue 1 level in /var/www/conectividad/app/controllers/certificaciones_controller.php on line 110
[27-Jul-2011 16:06:55] PHP Fatal error:  Cannot break/continue 1 level in /var/www/conectividad/app/controllers/certificaciones_controller.php on line 110
[27-Jul-2011 16:07:41] PHP Fatal error:  Cannot break/continue 1 level in /var/www/conectividad/app/controllers/certificaciones_controller.php on line 110
